1388941752|Comment_frame.php
1388941776|Comment_frame.php
1388941916|index.php?id1=&id2=page1
1388941917|index.php?id1=&id2=
1388941918|index.php?id1=&id2=page4
1388941918|index.php?id1=&id2=page5
1388941918|Comment_frame.php
1388941920|index.php?id1=&id2=Site_map
1388941922|index.php?id1=&id2=Admin_access
1388941927|index.php?id1=page1&id2=
1388941928|index.php?id1=&id2=
1388942339|index.php?id1=&id2=page5
1388942339|Comment_frame.php
1388942341|Comment_frame.php
1388942341|Comment_frame.php
1388942342|Comment_frame.php?del=136
1388942343|Comment_frame.php
1388942661|Comment_frame.php
1388942661|Comment_frame.php
1388942662|Comment_frame.php
1388942663|Comment_frame.php
1388942666|Web
1388942666|Comment_frame.php
1388943774|Comment_frame.php
1388943775|index.php?id1=page1&id2=
1388943776|index.php?id1=&id2=
1388943776|index.php?id1=page1&id2=
1388943816|index.php?id1=&id2=
1388943824|index.php?id1=&id2=
1388943824|index.php?id1=&id2=page4
1388943825|index.php?id1=&id2=page5
1388943825|Comment_frame.php
1389001113|index.php?id1=&id2=
1389001115|index.php?id1=&id2=Site_map
1389001116|index.php?id1=&id2=Site_map
1389013450|index.php?id1=&id2=page4
1389013474|index.php?id1=&id2=
1389013474|index.php?id1=&id2=page5
1389013474|Comment_frame.php
1389013483|index.php?id1=&id2=Site_map
1389013485|index.php?id1=&id2=Site_map
1389015119|index.php?id1=&id2=
1389015121|index.php?id1=&id2=page5
1389015122|Comment_frame.php
1389015124|Comment_frame.php
1389015124|Comment_frame.php
1389015128|Comment_frame.php?del=139
1389015128|Comment_frame.php
1389188603|index.php?id1=page1&id2=
1389188617|index.php?id1=&id2=
1389188618|index.php?id1=&id2=page1
1389188620|index.php?id1=&id2=
1389188620|index.php?id1=&id2=
1389188647|index.php?id1=&id2=
1389188648|index.php?id1=&id2=
1389188648|index.php?id1=page1&id2=
1389188649|index.php?id1=&id2=
1389188650|index.php?id1=&id2=page1
1389188650|index.php?id1=&id2=page2
1389188651|index.php?id1=&id2=page3
1389188652|index.php?id1=page1&id2=
1389188652|index.php?id1=page2&id2=
1389188653|index.php?id1=page3&id2=
1389188653|index.php?id1=&id2=
1389188654|index.php?id1=&id2=page1
1389188655|index.php?id1=&id2=
1389263975|index.php?id1=page1&id2=
1389263976|index.php?id1=page2&id2=
1389263977|index.php?id1=page1&id2=
1389263977|index.php?id1=&id2=
1389264097|index.php?id1=&id2=
1389264098|index.php?id1=&id2=page5
1389264098|Comment_frame.php
1389264100|index.php?id1=&id2=Admin_access
1389264104|index.php?id1=&id2=Site_map
1389264105|index.php?id1=&id2=
1389264108|index.php?id1=&id2=Admin_access
1389264132|index.php?id1=&id2=Admin_access
1389264134|index.php?id1=&id2=
1389264135|index.php?id1=&id2=Admin_access
1389264139|index.php?id1=&id2=
1389264143|index.php?id1=&id2=Admin_access
1389264186|index.php?id1=page1&id2=
1389264189|index.php?id1=&id2=
1389264192|index.php?id1=&id2=Admin_access
1389264208|index.php?id1=&id2=page5
1389264208|Comment_frame.php
1389264744|index.php?id1=&id2=
1389264744|index.php?id1=&id2=
1389264745|index.php?id1=&id2=page1
1389264746|index.php?id1=&id2=
1389264746|index.php?id1=&id2=page2
1389264747|index.php?id1=&id2=page3
1389264747|index.php?id1=&id2=page4
1389264748|index.php?id1=&id2=page5
1389264748|Comment_frame.php
1389264752|index.php?id1=&id2=page4
1389264755|index.php?id1=&id2=Admin_access
1389264760|index.php?id1=&id2=page5
1389264760|Comment_frame.php
1389264763|Comment_frame.php
1389264763|Comment_frame.php
1389264791|index.php?id1=page1&id2=
1389264798|index.php?id1=page1&id2=
1389264799|index.php?id1=page1&id2=page1
1389264800|index.php?id1=&id2=
1389264801|index.php?id1=&id2=page5
1389264801|Comment_frame.php
1389264819|Comment_frame.php
1389264819|Comment_frame.php
1389265666|index.php?id1=&id2=
1389265669|index.php?id1=page1&id2=
1389265683|index.php?id1=page1&id2=
1389265685|index.php?id1=&id2=
1389265686|index.php?id1=&id2=page1
1389265687|index.php?id1=&id2=page2
1389265689|index.php?id1=&id2=page3
1389265855|index.php?id1=page2&id2=
1389265858|index.php?id1=&id2=
1389265861|index.php?id1=page1&id2=
1389265875|index.php?id1=&id2=
1389265876|index.php?id1=&id2=page5
1389265876|Comment_frame.php
1389265885|Comment_frame.php?del=141
1389265885|Comment_frame.php
1389265886|Comment_frame.php?del=140
1389265886|Comment_frame.php
1389265887|Comment_frame.php?del=138
1389265887|Comment_frame.php
1389265920|index.php?id1=page1&id2=
1389265922|index.php?id1=page1&id2=page1
1389265928|index.php?id1=page1&id2=page1
1389265933|index.php?id1=page1&id2=page1
1389265947|index.php?id1=page1&id2=page1
1389265981|index.php?id1=&id2=
1389265993|index.php?id1=&id2=
1389266003|index.php?id1=&id2=Admin_access
1389267582|index.php?id1=page1&id2=
1389267583|index.php?id1=page1&id2=page1
1389267600|index.php?id1=page1&id2=page1
1389267611|index.php?id1=page2&id2=
1389267616|index.php?id1=page1&id2=
1389267617|index.php?id1=page1&id2=page1
1389267628|index.php?id1=page1&id2=page1
1389267639|index.php?id1=page1&id2=
1389267640|index.php?id1=page1&id2=page1
1389267649|index.php?id1=page1&id2=page1
1389267659|index.php?id1=page2&id2=
1389267660|index.php?id1=page1&id2=
1389267661|index.php?id1=&id2=
1443983575|SEPR
1443983580|index.php?id1=&id2=page1
1443983581|index.php?id1=&id2=page2
1443983582|index.php?id1=&id2=page3
1443983583|index.php?id1=&id2=page4
1443983584|index.php?id1=&id2=page3
1443983584|index.php?id1=&id2=page2
1443983585|index.php?id1=&id2=page1
1443983585|index.php?id1=&id2=
1443983586|index.php?id1=page1&id2=
1443983592|index.php?id1=page2&id2=
1443983593|index.php?id1=page3&id2=
1443983832|index.php?id1=&id2=
1443983833|index.php?id1=page1&id2=
1443983834|index.php?id1=page2&id2=
1443983835|index.php?id1=page3&id2=
1443983837|index.php?id1=page2&id2=
1443983837|index.php?id1=page2&id2=
1443984056|index.php?id1=&id2=
1443984058|index.php?id1=page1&id2=
1443984059|index.php?id1=page2&id2=
1443984060|index.php?id1=page3&id2=
1443984061|index.php?id1=page2&id2=
1443988174|index.php?id1=&id2=
1444040219|index.php?id1=%27
